\BOOKMARK [1][-]{Doc-Start}{\376\377\000A\000b\000s\000t\000r\000a\000c\000t}{}% 1
\BOOKMARK [1][-]{Doc-Start}{\376\377\000D\000e\000c\000l\000a\000r\000a\000t\000i\000o\000n}{}% 2
\BOOKMARK [1][-]{Doc-Start}{\376\377\000L\000i\000s\000t\000\040\000o\000f\000\040\000F\000i\000g\000u\000r\000e\000s}{}% 3
\BOOKMARK [1][-]{Doc-Start}{\376\377\000L\000i\000s\000t\000\040\000o\000f\000\040\000T\000a\000b\000l\000e\000s}{}% 4
\BOOKMARK [1][-]{Doc-Start}{\376\377\000L\000i\000s\000t\000\040\000o\000f\000\040\000A\000c\000r\000o\000n\000y\000m\000s}{}% 5
\BOOKMARK [1][-]{section.1}{\376\377\000I\000n\000t\000r\000o\000d\000u\000c\000t\000i\000o\000n}{}% 6
\BOOKMARK [2][-]{subsection.1.1}{\376\377\000B\000a\000c\000k\000g\000r\000o\000u\000n\000d}{section.1}% 7
\BOOKMARK [2][-]{subsection.1.2}{\376\377\000A\000i\000m}{section.1}% 8
\BOOKMARK [2][-]{subsection.1.3}{\376\377\000O\000b\000j\000e\000c\000t\000i\000v\000e\000s}{section.1}% 9
\BOOKMARK [2][-]{subsection.1.4}{\376\377\000R\000e\000p\000o\000r\000t\000\040\000O\000v\000e\000r\000v\000i\000e\000w}{section.1}% 10
\BOOKMARK [1][-]{section.2}{\376\377\000F\000i\000n\000i\000t\000e\000\040\000E\000l\000e\000m\000e\000n\000t\000\040\000M\000o\000d\000e\000l}{}% 11
\BOOKMARK [2][-]{subsection.2.1}{\376\377\000G\000e\000o\000m\000e\000t\000r\000y}{section.2}% 12
\BOOKMARK [2][-]{subsection.2.2}{\376\377\000B\000o\000u\000n\000d\000a\000r\000y\000\040\000c\000o\000n\000d\000i\000t\000i\000o\000n\000s}{section.2}% 13
\BOOKMARK [2][-]{subsection.2.3}{\376\377\000L\000o\000a\000d\000s}{section.2}% 14
\BOOKMARK [2][-]{subsection.2.4}{\376\377\000A\000n\000a\000l\000y\000s\000i\000s}{section.2}% 15
\BOOKMARK [2][-]{subsection.2.5}{\376\377\000M\000a\000t\000e\000r\000i\000a\000l\000\040\000p\000r\000o\000p\000e\000r\000t\000i\000e\000s}{section.2}% 16
\BOOKMARK [2][-]{subsection.2.6}{\376\377\000A\000c\000c\000e\000p\000t\000a\000n\000c\000e\000\040\000c\000r\000i\000t\000e\000r\000i\000a}{section.2}% 17
\BOOKMARK [2][-]{subsection.2.7}{\376\377\000D\000i\000s\000c\000r\000e\000t\000i\000z\000a\000t\000i\000o\000n}{section.2}% 18
\BOOKMARK [1][-]{section.3}{\376\377\000R\000e\000s\000u\000l\000t\000s}{}% 19
\BOOKMARK [2][-]{subsection.3.1}{\376\377\000F\000i\000n\000i\000t\000e\000\040\000e\000l\000e\000m\000e\000n\000t\000\040\000r\000e\000s\000u\000l\000t\000s}{section.3}% 20
\BOOKMARK [2][-]{subsection.3.2}{\376\377\000S\000u\000m\000m\000a\000r\000y\000\040\000/\000\040\000t\000a\000b\000l\000e\000\040\000o\000f\000\040\000r\000e\000s\000u\000l\000t\000s}{section.3}% 21
\BOOKMARK [1][-]{section.4}{\376\377\000C\000o\000n\000c\000l\000u\000s\000i\000o\000n}{}% 22
\BOOKMARK [1][-]{appendix.A}{\376\377\000P\000l\000a\000t\000e\000\040\000d\000r\000a\000w\000i\000n\000g\000\040\000a\000n\000d\000\040\000k\000e\000y\000\040\000d\000i\000m\000e\000n\000s\000i\000o\000n\000s}{}% 23
